16:02:34.463 | 192.168.15.11        | OP(Prst) : 192.168.15.11        | (P1-dtcjtapi) ProvInServiceEv [#0] Cause:100 CallCtlCause:0 FeatReason:12
16:02:40.752 | 1001                 | OA(Addr) : 1001                 | (P1-dtcjtapi) [1001:] CiscoAddrOutOfServiceEv [#2] Cause:100 CallCtlCause:0 FeatReason:12
16:02:40.762 | 1002                 | OA(Addr) : 1002                 | (P1-dtcjtapi) [1002:] CiscoAddrOutOfServiceEv [#4] Cause:100 CallCtlCause:0 FeatReason:12
16:02:40.772 | 1003                 | OA(Addr) : 1003                 | (P1-dtcjtapi) [1003:] CiscoAddrOutOfServiceEv [#6] Cause:100 CallCtlCause:0 FeatReason:12
16:02:40.792 | 1004                 | OA(Addr) : 1004                 | (P1-dtcjtapi) [1004:] CiscoAddrOutOfServiceEv [#8] Cause:100 CallCtlCause:0 FeatReason:12
16:02:40.800 | SEP001B2431F2F6      | OT(Term) : SEP001B2431F2F6      | (P1-dtcjtapi) [SEP001B2431F2F6] CiscoTermOutOfServiceEv [#9] Cause:100 CallCtlCause:0 FeatReason:12
client 0 : 2|UNBLOCK|1003|1
16:04:08.627 | cucm response : <SOAP-ENV:Envelope SOAP-ENV:encodingStyle="http://schemas.xmlsoap.org/soap/encoding/" xmlns:SOAP-ENV="http://schemas.xmlsoap.org/soap/envelope/"><SOAP-ENV:Header/><SOAP-ENV:Body><SOAP-ENV:Fault><faultcode>SOAP-ENV:Client</faultcode><faultstring>Item not valid: The specified Unknown was not found</faultstring><detail><axl:Error xmlns:axl="http://www.cisco.com/AXL/API/7.0"><axl:code>5007</axl:code><axl:message>Item not valid: The specified Unknown was not found</axl:message><request>updatePhone</request></axl:Error></detail></SOAP-ENV:Fault></SOAP-ENV:Body></SOAP-ENV:Envelope>
16:04:08.679 | server adding xml : <SOAP-ENV:Envelope xmlns:SOAP-ENV="http://schemas.xmlsoap.org/soap/envelope/"      xmlns:xsi="http://www.w3.org/2001/XMLSchema-instance"      xmlns:xsd="http://www.w3.org/2001/XMLSchema"> <SOAP-ENV:Body>    <axl:updatePhone        xmlns:axl="http://www.cisco.com/AXL/API/8.0"         xsi:schemaLocation="http://www.cisco.com/AXL/API/8.0         http://ccmserver/schema/axlsoap.xsd"         sequence="1234">     <name>Unknown</name>     <callingSearchSpaceName>CSS_INTERNAL</callingSearchSpaceName>    </axl:updatePhone>null</SOAP-ENV:Body> </SOAP-ENV:Envelope>
16:04:08.680 | server to client : Fault|Ext not found
client 0 : 1|CHANGE NAME|1003|Gonzalez|||
16:04:15.175 | cucm response : <SOAP-ENV:Envelope SOAP-ENV:encodingStyle="http://schemas.xmlsoap.org/soap/encoding/" xmlns:SOAP-ENV="http://schemas.xmlsoap.org/soap/envelope/"><SOAP-ENV:Header/><SOAP-ENV:Body><SOAP-ENV:Fault><faultcode>SOAP-ENV:Client</faultcode><faultstring>Item not valid: The specified Unknown was not found</faultstring><detail><axl:Error xmlns:axl="http://www.cisco.com/AXL/API/7.0"><axl:code>5007</axl:code><axl:message>Item not valid: The specified Unknown was not found</axl:message><request>updatePhone</request></axl:Error></detail></SOAP-ENV:Fault></SOAP-ENV:Body></SOAP-ENV:Envelope>
16:04:15.181 | server adding xml : <SOAP-ENV:Envelope xmlns:SOAP-ENV="http://schemas.xmlsoap.org/soap/envelope/"      xmlns:xsi="http://www.w3.org/2001/XMLSchema-instance"      xmlns:xsd="http://www.w3.org/2001/XMLSchema"> <SOAP-ENV:Body>     <axl:updatePhone         xmlns:axl="http://www.cisco.com/AXL/API/8.0"          xsi:schemaLocation="http://www.cisco.com/AXL/API/8.0          http://ccmserver/schema/axlsoap.xsd"          sequence="1234">      <name>Unknown</name>      <lines><line><index>1</index><dirn><pattern>1003</pattern></dirn>     <display>Gonzalez</display>      </line></lines>     </axl:updatePhone> null</SOAP-ENV:Body> </SOAP-ENV:Envelope>
16:04:15.182 | server to client : Fault|Ext not found
client 0 : 2|BLOCK|1003|0
16:05:45.366 | cucm response : <SOAP-ENV:Envelope SOAP-ENV:encodingStyle="http://schemas.xmlsoap.org/soap/encoding/" xmlns:SOAP-ENV="http://schemas.xmlsoap.org/soap/envelope/"><SOAP-ENV:Header/><SOAP-ENV:Body><SOAP-ENV:Fault><faultcode>SOAP-ENV:Client</faultcode><faultstring>Item not valid: The specified Unknown was not found</faultstring><detail><axl:Error xmlns:axl="http://www.cisco.com/AXL/API/7.0"><axl:code>5007</axl:code><axl:message>Item not valid: The specified Unknown was not found</axl:message><request>updatePhone</request></axl:Error></detail></SOAP-ENV:Fault></SOAP-ENV:Body></SOAP-ENV:Envelope>
16:05:45.371 | server adding xml : <SOAP-ENV:Envelope xmlns:SOAP-ENV="http://schemas.xmlsoap.org/soap/envelope/"      xmlns:xsi="http://www.w3.org/2001/XMLSchema-instance"      xmlns:xsd="http://www.w3.org/2001/XMLSchema"> <SOAP-ENV:Body>    <axl:updatePhone        xmlns:axl="http://www.cisco.com/AXL/API/8.0"         xsi:schemaLocation="http://www.cisco.com/AXL/API/8.0         http://ccmserver/schema/axlsoap.xsd"         sequence="1234">     <name>Unknown</name>     <callingSearchSpaceName>CSS_NONE</callingSearchSpaceName>    </axl:updatePhone>null</SOAP-ENV:Body> </SOAP-ENV:Envelope>
16:05:45.372 | server to client : Fault|Ext not found
client 0 : 1|CHANGE NAME|1003|VACANT|||
16:05:46.301 | cucm response : <SOAP-ENV:Envelope SOAP-ENV:encodingStyle="http://schemas.xmlsoap.org/soap/encoding/" xmlns:SOAP-ENV="http://schemas.xmlsoap.org/soap/envelope/"><SOAP-ENV:Header/><SOAP-ENV:Body><SOAP-ENV:Fault><faultcode>SOAP-ENV:Client</faultcode><faultstring>Item not valid: The specified Unknown was not found</faultstring><detail><axl:Error xmlns:axl="http://www.cisco.com/AXL/API/7.0"><axl:code>5007</axl:code><axl:message>Item not valid: The specified Unknown was not found</axl:message><request>updatePhone</request></axl:Error></detail></SOAP-ENV:Fault></SOAP-ENV:Body></SOAP-ENV:Envelope>
16:05:46.306 | server adding xml : <SOAP-ENV:Envelope xmlns:SOAP-ENV="http://schemas.xmlsoap.org/soap/envelope/"      xmlns:xsi="http://www.w3.org/2001/XMLSchema-instance"      xmlns:xsd="http://www.w3.org/2001/XMLSchema"> <SOAP-ENV:Body>     <axl:updatePhone         xmlns:axl="http://www.cisco.com/AXL/API/8.0"          xsi:schemaLocation="http://www.cisco.com/AXL/API/8.0          http://ccmserver/schema/axlsoap.xsd"          sequence="1234">      <name>Unknown</name>      <lines><line><index>1</index><dirn><pattern>1003</pattern></dirn>     <display>VACANT</display>      </line></lines>     </axl:updatePhone> null</SOAP-ENV:Body> </SOAP-ENV:Envelope>
16:05:46.307 | server to client : Fault|Ext not found
16:08:34.706 | 192.168.15.11        | OP(Prst) : 192.168.15.11        | (P1-dtcjtapi) ProvInServiceEv [#0] Cause:100 CallCtlCause:0 FeatReason:12
16:08:42.043 | 1001                 | OA(Addr) : 1001                 | (P1-dtcjtapi) [1001:] CiscoAddrOutOfServiceEv [#2] Cause:100 CallCtlCause:0 FeatReason:12
16:08:42.051 | 1002                 | OA(Addr) : 1002                 | (P1-dtcjtapi) [1002:] CiscoAddrOutOfServiceEv [#4] Cause:100 CallCtlCause:0 FeatReason:12
16:08:42.061 | 1003                 | OA(Addr) : 1003                 | (P1-dtcjtapi) [1003:] CiscoAddrOutOfServiceEv [#6] Cause:100 CallCtlCause:0 FeatReason:12
16:08:42.077 | 1004                 | OA(Addr) : 1004                 | (P1-dtcjtapi) [1004:] CiscoAddrOutOfServiceEv [#8] Cause:100 CallCtlCause:0 FeatReason:12
16:08:42.086 | SEP001B2431F2F6      | OT(Term) : SEP001B2431F2F6      | (P1-dtcjtapi) [SEP001B2431F2F6] CiscoTermOutOfServiceEv [#9] Cause:100 CallCtlCause:0 FeatReason:12
client 0 : 2|UNBLOCK|1003|1
16:08:47.077 | cucm response : <SOAP-ENV:Envelope SOAP-ENV:encodingStyle="http://schemas.xmlsoap.org/soap/encoding/" xmlns:SOAP-ENV="http://schemas.xmlsoap.org/soap/envelope/"><SOAP-ENV:Header/><SOAP-ENV:Body><SOAP-ENV:Fault><faultcode>SOAP-ENV:Client</faultcode><faultstring>Item not valid: The specified Unknown was not found</faultstring><detail><axl:Error xmlns:axl="http://www.cisco.com/AXL/API/7.0"><axl:code>5007</axl:code><axl:message>Item not valid: The specified Unknown was not found</axl:message><request>updatePhone</request></axl:Error></detail></SOAP-ENV:Fault></SOAP-ENV:Body></SOAP-ENV:Envelope>
16:08:47.129 | server adding xml : <SOAP-ENV:Envelope xmlns:SOAP-ENV="http://schemas.xmlsoap.org/soap/envelope/"      xmlns:xsi="http://www.w3.org/2001/XMLSchema-instance"      xmlns:xsd="http://www.w3.org/2001/XMLSchema"> <SOAP-ENV:Body>    <axl:updatePhone        xmlns:axl="http://www.cisco.com/AXL/API/8.0"         xsi:schemaLocation="http://www.cisco.com/AXL/API/8.0         http://ccmserver/schema/axlsoap.xsd"         sequence="1234">     <name>Unknown</name>     <callingSearchSpaceName>CSS_INTERNAL</callingSearchSpaceName>    </axl:updatePhone>null</SOAP-ENV:Body> </SOAP-ENV:Envelope>
16:08:47.130 | server to client : Fault|Ext not found
client 0 : 2|UNBLOCK|1003|1
16:09:44.427 | cucm response : <SOAP-ENV:Envelope SOAP-ENV:encodingStyle="http://schemas.xmlsoap.org/soap/encoding/" xmlns:SOAP-ENV="http://schemas.xmlsoap.org/soap/envelope/"><SOAP-ENV:Header/><SOAP-ENV:Body><SOAP-ENV:Fault><faultcode>SOAP-ENV:Client</faultcode><faultstring>Item not valid: The specified Unknown was not found</faultstring><detail><axl:Error xmlns:axl="http://www.cisco.com/AXL/API/7.0"><axl:code>5007</axl:code><axl:message>Item not valid: The specified Unknown was not found</axl:message><request>updatePhone</request></axl:Error></detail></SOAP-ENV:Fault></SOAP-ENV:Body></SOAP-ENV:Envelope>
16:09:44.433 | server adding xml : <SOAP-ENV:Envelope xmlns:SOAP-ENV="http://schemas.xmlsoap.org/soap/envelope/"      xmlns:xsi="http://www.w3.org/2001/XMLSchema-instance"      xmlns:xsd="http://www.w3.org/2001/XMLSchema"> <SOAP-ENV:Body>    <axl:updatePhone        xmlns:axl="http://www.cisco.com/AXL/API/8.0"         xsi:schemaLocation="http://www.cisco.com/AXL/API/8.0         http://ccmserver/schema/axlsoap.xsd"         sequence="1234">     <name>Unknown</name>     <callingSearchSpaceName>CSS_INTERNAL</callingSearchSpaceName>    </axl:updatePhone>null</SOAP-ENV:Body> </SOAP-ENV:Envelope>
16:09:44.434 | server to client : Fault|Ext not found
client 0 : 1|CHANGE NAME|1003|qweqwe|||
16:09:50.538 | cucm response : <SOAP-ENV:Envelope SOAP-ENV:encodingStyle="http://schemas.xmlsoap.org/soap/encoding/" xmlns:SOAP-ENV="http://schemas.xmlsoap.org/soap/envelope/"><SOAP-ENV:Header/><SOAP-ENV:Body><SOAP-ENV:Fault><faultcode>SOAP-ENV:Client</faultcode><faultstring>Item not valid: The specified Unknown was not found</faultstring><detail><axl:Error xmlns:axl="http://www.cisco.com/AXL/API/7.0"><axl:code>5007</axl:code><axl:message>Item not valid: The specified Unknown was not found</axl:message><request>updatePhone</request></axl:Error></detail></SOAP-ENV:Fault></SOAP-ENV:Body></SOAP-ENV:Envelope>
16:09:50.544 | server adding xml : <SOAP-ENV:Envelope xmlns:SOAP-ENV="http://schemas.xmlsoap.org/soap/envelope/"      xmlns:xsi="http://www.w3.org/2001/XMLSchema-instance"      xmlns:xsd="http://www.w3.org/2001/XMLSchema"> <SOAP-ENV:Body>     <axl:updatePhone         xmlns:axl="http://www.cisco.com/AXL/API/8.0"          xsi:schemaLocation="http://www.cisco.com/AXL/API/8.0          http://ccmserver/schema/axlsoap.xsd"          sequence="1234">      <name>Unknown</name>      <lines><line><index>1</index><dirn><pattern>1003</pattern></dirn>     <display>qweqwe</display>      </line></lines>     </axl:updatePhone> null</SOAP-ENV:Body> </SOAP-ENV:Envelope>
16:09:50.546 | server to client : Fault|Ext not found
client 0 : 2|UNBLOCK|1003|1
16:10:05.949 | cucm response : <SOAP-ENV:Envelope SOAP-ENV:encodingStyle="http://schemas.xmlsoap.org/soap/encoding/" xmlns:SOAP-ENV="http://schemas.xmlsoap.org/soap/envelope/"><SOAP-ENV:Header/><SOAP-ENV:Body><SOAP-ENV:Fault><faultcode>SOAP-ENV:Client</faultcode><faultstring>Item not valid: The specified Unknown was not found</faultstring><detail><axl:Error xmlns:axl="http://www.cisco.com/AXL/API/7.0"><axl:code>5007</axl:code><axl:message>Item not valid: The specified Unknown was not found</axl:message><request>updatePhone</request></axl:Error></detail></SOAP-ENV:Fault></SOAP-ENV:Body></SOAP-ENV:Envelope>
16:10:05.955 | server adding xml : <SOAP-ENV:Envelope xmlns:SOAP-ENV="http://schemas.xmlsoap.org/soap/envelope/"      xmlns:xsi="http://www.w3.org/2001/XMLSchema-instance"      xmlns:xsd="http://www.w3.org/2001/XMLSchema"> <SOAP-ENV:Body>    <axl:updatePhone        xmlns:axl="http://www.cisco.com/AXL/API/8.0"         xsi:schemaLocation="http://www.cisco.com/AXL/API/8.0         http://ccmserver/schema/axlsoap.xsd"         sequence="1234">     <name>Unknown</name>     <callingSearchSpaceName>CSS_INTERNAL</callingSearchSpaceName>    </axl:updatePhone>null</SOAP-ENV:Body> </SOAP-ENV:Envelope>
16:10:05.956 | server to client : Fault|Ext not found
client 0 : 1|CHANGE NAME|1003|qweqwe|||
16:10:06.503 | cucm response : <SOAP-ENV:Envelope SOAP-ENV:encodingStyle="http://schemas.xmlsoap.org/soap/encoding/" xmlns:SOAP-ENV="http://schemas.xmlsoap.org/soap/envelope/"><SOAP-ENV:Header/><SOAP-ENV:Body><SOAP-ENV:Fault><faultcode>SOAP-ENV:Client</faultcode><faultstring>Item not valid: The specified Unknown was not found</faultstring><detail><axl:Error xmlns:axl="http://www.cisco.com/AXL/API/7.0"><axl:code>5007</axl:code><axl:message>Item not valid: The specified Unknown was not found</axl:message><request>updatePhone</request></axl:Error></detail></SOAP-ENV:Fault></SOAP-ENV:Body></SOAP-ENV:Envelope>
16:10:06.510 | server adding xml : <SOAP-ENV:Envelope xmlns:SOAP-ENV="http://schemas.xmlsoap.org/soap/envelope/"      xmlns:xsi="http://www.w3.org/2001/XMLSchema-instance"      xmlns:xsd="http://www.w3.org/2001/XMLSchema"> <SOAP-ENV:Body>     <axl:updatePhone         xmlns:axl="http://www.cisco.com/AXL/API/8.0"          xsi:schemaLocation="http://www.cisco.com/AXL/API/8.0          http://ccmserver/schema/axlsoap.xsd"          sequence="1234">      <name>Unknown</name>      <lines><line><index>1</index><dirn><pattern>1003</pattern></dirn>     <display>qweqwe</display>      </line></lines>     </axl:updatePhone> null</SOAP-ENV:Body> </SOAP-ENV:Envelope>
16:10:06.511 | server to client : Fault|Ext not found
16:11:25.798 | 192.168.15.11        | OP(Prst) : 192.168.15.11        | (P1-dtcjtapi) ProvInServiceEv [#0] Cause:100 CallCtlCause:0 FeatReason:12
16:11:33.072 | 1001                 | OA(Addr) : 1001                 | (P1-dtcjtapi) [1001:] CiscoAddrOutOfServiceEv [#2] Cause:100 CallCtlCause:0 FeatReason:12
16:11:33.088 | 1002                 | OA(Addr) : 1002                 | (P1-dtcjtapi) [1002:] CiscoAddrOutOfServiceEv [#4] Cause:100 CallCtlCause:0 FeatReason:12
16:11:33.101 | 1003                 | OA(Addr) : 1003                 | (P1-dtcjtapi) [1003:] CiscoAddrOutOfServiceEv [#6] Cause:100 CallCtlCause:0 FeatReason:12
16:11:33.117 | 1004                 | OA(Addr) : 1004                 | (P1-dtcjtapi) [1004:] CiscoAddrOutOfServiceEv [#8] Cause:100 CallCtlCause:0 FeatReason:12
16:11:33.128 | SEP001B2431F2F6      | OT(Term) : SEP001B2431F2F6      | (P1-dtcjtapi) [SEP001B2431F2F6] CiscoTermOutOfServiceEv [#9] Cause:100 CallCtlCause:0 FeatReason:12
client 0 : 2|UNBLOCK|1003|1
16:12:20.013 | cucm response : <SOAP-ENV:Envelope SOAP-ENV:encodingStyle="http://schemas.xmlsoap.org/soap/encoding/" xmlns:SOAP-ENV="http://schemas.xmlsoap.org/soap/envelope/"><SOAP-ENV:Header/><SOAP-ENV:Body><SOAP-ENV:Fault><faultcode>SOAP-ENV:Client</faultcode><faultstring>Item not valid: The specified Unknown was not found</faultstring><detail><axl:Error xmlns:axl="http://www.cisco.com/AXL/API/7.0"><axl:code>5007</axl:code><axl:message>Item not valid: The specified Unknown was not found</axl:message><request>updatePhone</request></axl:Error></detail></SOAP-ENV:Fault></SOAP-ENV:Body></SOAP-ENV:Envelope>
16:12:20.063 | server adding xml : <SOAP-ENV:Envelope xmlns:SOAP-ENV="http://schemas.xmlsoap.org/soap/envelope/"      xmlns:xsi="http://www.w3.org/2001/XMLSchema-instance"      xmlns:xsd="http://www.w3.org/2001/XMLSchema"> <SOAP-ENV:Body>    <axl:updatePhone        xmlns:axl="http://www.cisco.com/AXL/API/8.0"         xsi:schemaLocation="http://www.cisco.com/AXL/API/8.0         http://ccmserver/schema/axlsoap.xsd"         sequence="1234">     <name>Unknown</name>     <callingSearchSpaceName>CSS_INTERNAL</callingSearchSpaceName>    </axl:updatePhone>null</SOAP-ENV:Body> </SOAP-ENV:Envelope>
16:12:20.064 | server to client : Fault|Ext not found
client 0 : 1|CHANGE NAME|1003|qwe|||
16:12:26.548 | cucm response : <SOAP-ENV:Envelope SOAP-ENV:encodingStyle="http://schemas.xmlsoap.org/soap/encoding/" xmlns:SOAP-ENV="http://schemas.xmlsoap.org/soap/envelope/"><SOAP-ENV:Header/><SOAP-ENV:Body><SOAP-ENV:Fault><faultcode>SOAP-ENV:Client</faultcode><faultstring>Item not valid: The specified Unknown was not found</faultstring><detail><axl:Error xmlns:axl="http://www.cisco.com/AXL/API/7.0"><axl:code>5007</axl:code><axl:message>Item not valid: The specified Unknown was not found</axl:message><request>updatePhone</request></axl:Error></detail></SOAP-ENV:Fault></SOAP-ENV:Body></SOAP-ENV:Envelope>
16:12:26.554 | server adding xml : <SOAP-ENV:Envelope xmlns:SOAP-ENV="http://schemas.xmlsoap.org/soap/envelope/"      xmlns:xsi="http://www.w3.org/2001/XMLSchema-instance"      xmlns:xsd="http://www.w3.org/2001/XMLSchema"> <SOAP-ENV:Body>     <axl:updatePhone         xmlns:axl="http://www.cisco.com/AXL/API/8.0"          xsi:schemaLocation="http://www.cisco.com/AXL/API/8.0          http://ccmserver/schema/axlsoap.xsd"          sequence="1234">      <name>Unknown</name>      <lines><line><index>1</index><dirn><pattern>1003</pattern></dirn>     <display>qwe</display>      </line></lines>     </axl:updatePhone> null</SOAP-ENV:Body> </SOAP-ENV:Envelope>
16:12:26.556 | server to client : Fault|Ext not found
16:13:33.080 | 192.168.15.11        | OP(Prst) : 192.168.15.11        | (P1-dtcjtapi) ProvInServiceEv [#1] Cause:100 CallCtlCause:0 FeatReason:12
16:13:39.367 | 1001                 | OA(Addr) : 1001                 | (P1-dtcjtapi) [1001:] CiscoAddrOutOfServiceEv [#3] Cause:100 CallCtlCause:0 FeatReason:12
16:13:39.375 | 1002                 | OA(Addr) : 1002                 | (P1-dtcjtapi) [1002:] CiscoAddrOutOfServiceEv [#5] Cause:100 CallCtlCause:0 FeatReason:12
16:13:39.384 | 1003                 | OA(Addr) : 1003                 | (P1-dtcjtapi) [1003:] CiscoAddrOutOfServiceEv [#7] Cause:100 CallCtlCause:0 FeatReason:12
16:13:39.398 | 1004                 | OA(Addr) : 1004                 | (P1-dtcjtapi) [1004:] CiscoAddrOutOfServiceEv [#9] Cause:100 CallCtlCause:0 FeatReason:12
16:13:39.403 | SEP001B2431F2F6      | OT(Term) : SEP001B2431F2F6      | (P1-dtcjtapi) [SEP001B2431F2F6] CiscoTermOutOfServiceEv [#10] Cause:100 CallCtlCause:0 FeatReason:12
client 0 : 2|UNBLOCK|1003|1
16:14:06.850 | cucm response : <SOAP-ENV:Envelope SOAP-ENV:encodingStyle="http://schemas.xmlsoap.org/soap/encoding/" xmlns:SOAP-ENV="http://schemas.xmlsoap.org/soap/envelope/"><SOAP-ENV:Header/><SOAP-ENV:Body><SOAP-ENV:Fault><faultcode>SOAP-ENV:Client</faultcode><faultstring>Item not valid: The specified Unknown was not found</faultstring><detail><axl:Error xmlns:axl="http://www.cisco.com/AXL/API/7.0"><axl:code>5007</axl:code><axl:message>Item not valid: The specified Unknown was not found</axl:message><request>updatePhone</request></axl:Error></detail></SOAP-ENV:Fault></SOAP-ENV:Body></SOAP-ENV:Envelope>
16:14:06.901 | server adding xml : <SOAP-ENV:Envelope xmlns:SOAP-ENV="http://schemas.xmlsoap.org/soap/envelope/"      xmlns:xsi="http://www.w3.org/2001/XMLSchema-instance"      xmlns:xsd="http://www.w3.org/2001/XMLSchema"> <SOAP-ENV:Body>    <axl:updatePhone        xmlns:axl="http://www.cisco.com/AXL/API/8.0"         xsi:schemaLocation="http://www.cisco.com/AXL/API/8.0         http://ccmserver/schema/axlsoap.xsd"         sequence="1234">     <name>Unknown</name>     <callingSearchSpaceName>CSS_INTERNAL</callingSearchSpaceName>    </axl:updatePhone>null</SOAP-ENV:Body> </SOAP-ENV:Envelope>
16:14:06.902 | server to client : Fault|Ext not found
client 0 : 1|CHANGE NAME|1003|q|||
16:14:13.635 | cucm response : <SOAP-ENV:Envelope SOAP-ENV:encodingStyle="http://schemas.xmlsoap.org/soap/encoding/" xmlns:SOAP-ENV="http://schemas.xmlsoap.org/soap/envelope/"><SOAP-ENV:Header/><SOAP-ENV:Body><SOAP-ENV:Fault><faultcode>SOAP-ENV:Client</faultcode><faultstring>Item not valid: The specified Unknown was not found</faultstring><detail><axl:Error xmlns:axl="http://www.cisco.com/AXL/API/7.0"><axl:code>5007</axl:code><axl:message>Item not valid: The specified Unknown was not found</axl:message><request>updatePhone</request></axl:Error></detail></SOAP-ENV:Fault></SOAP-ENV:Body></SOAP-ENV:Envelope>
16:14:13.641 | server adding xml : <SOAP-ENV:Envelope xmlns:SOAP-ENV="http://schemas.xmlsoap.org/soap/envelope/"      xmlns:xsi="http://www.w3.org/2001/XMLSchema-instance"      xmlns:xsd="http://www.w3.org/2001/XMLSchema"> <SOAP-ENV:Body>     <axl:updatePhone         xmlns:axl="http://www.cisco.com/AXL/API/8.0"          xsi:schemaLocation="http://www.cisco.com/AXL/API/8.0          http://ccmserver/schema/axlsoap.xsd"          sequence="1234">      <name>Unknown</name>      <lines><line><index>1</index><dirn><pattern>1003</pattern></dirn>     <display>q</display>      </line></lines>     </axl:updatePhone> null</SOAP-ENV:Body> </SOAP-ENV:Envelope>
16:14:13.643 | server to client : Fault|Ext not found
16:16:29.304 | 192.168.15.11        | OP(Prst) : 192.168.15.11        | (P1-dtcjtapi) ProvInServiceEv [#0] Cause:100 CallCtlCause:0 FeatReason:12
16:16:35.552 | 1001                 | OA(Addr) : 1001                 | (P1-dtcjtapi) [1001:] CiscoAddrOutOfServiceEv [#2] Cause:100 CallCtlCause:0 FeatReason:12
16:16:35.560 | 1002                 | OA(Addr) : 1002                 | (P1-dtcjtapi) [1002:] CiscoAddrOutOfServiceEv [#4] Cause:100 CallCtlCause:0 FeatReason:12
16:16:35.568 | 1003                 | OA(Addr) : 1003                 | (P1-dtcjtapi) [1003:] CiscoAddrOutOfServiceEv [#6] Cause:100 CallCtlCause:0 FeatReason:12
16:16:35.581 | 1004                 | OA(Addr) : 1004                 | (P1-dtcjtapi) [1004:] CiscoAddrOutOfServiceEv [#8] Cause:100 CallCtlCause:0 FeatReason:12
16:16:35.587 | SEP001B2431F2F6      | OT(Term) : SEP001B2431F2F6      | (P1-dtcjtapi) [SEP001B2431F2F6] CiscoTermOutOfServiceEv [#9] Cause:100 CallCtlCause:0 FeatReason:12
client 0 : 2|UNBLOCK|1003|1
16:16:55.302 | cucm response : <SOAP-ENV:Envelope SOAP-ENV:encodingStyle="http://schemas.xmlsoap.org/soap/encoding/" xmlns:SOAP-ENV="http://schemas.xmlsoap.org/soap/envelope/"><SOAP-ENV:Header/><SOAP-ENV:Body><axl:updatePhoneResponse sequence="1234" xmlns:axl="http://www.cisco.com/AXL/API/7.0" xmlns:xsi="http://www.w3.org/2001/XMLSchema-instance"><return>{B45E5F8D-C359-4255-6785-63D1EB33EFB7}</return></axl:updatePhoneResponse></SOAP-ENV:Body></SOAP-ENV:Envelope>
16:16:55.355 | server adding xml : <SOAP-ENV:Envelope xmlns:SOAP-ENV="http://schemas.xmlsoap.org/soap/envelope/"      xmlns:xsi="http://www.w3.org/2001/XMLSchema-instance"      xmlns:xsd="http://www.w3.org/2001/XMLSchema"> <SOAP-ENV:Body>    <axl:updatePhone        xmlns:axl="http://www.cisco.com/AXL/API/8.0"         xsi:schemaLocation="http://www.cisco.com/AXL/API/8.0         http://ccmserver/schema/axlsoap.xsd"         sequence="1234">     <name>SEP001B2431F2F6</name>     <callingSearchSpaceName>CSS_INTERNAL</callingSearchSpaceName>    </axl:updatePhone>null</SOAP-ENV:Body> </SOAP-ENV:Envelope>
16:16:55.356 | server to client : Success
client 0 : 1|CHANGE NAME|1003|qw|||
16:17:02.938 | cucm response : <SOAP-ENV:Envelope SOAP-ENV:encodingStyle="http://schemas.xmlsoap.org/soap/encoding/" xmlns:SOAP-ENV="http://schemas.xmlsoap.org/soap/envelope/"><SOAP-ENV:Header/><SOAP-ENV:Body><axl:updatePhoneResponse sequence="1234" xmlns:axl="http://www.cisco.com/AXL/API/7.0" xmlns:xsi="http://www.w3.org/2001/XMLSchema-instance"><return>{B45E5F8D-C359-4255-6785-63D1EB33EFB7}</return></axl:updatePhoneResponse></SOAP-ENV:Body></SOAP-ENV:Envelope>
16:17:02.946 | server adding xml : <SOAP-ENV:Envelope xmlns:SOAP-ENV="http://schemas.xmlsoap.org/soap/envelope/"      xmlns:xsi="http://www.w3.org/2001/XMLSchema-instance"      xmlns:xsd="http://www.w3.org/2001/XMLSchema"> <SOAP-ENV:Body>     <axl:updatePhone         xmlns:axl="http://www.cisco.com/AXL/API/8.0"          xsi:schemaLocation="http://www.cisco.com/AXL/API/8.0          http://ccmserver/schema/axlsoap.xsd"          sequence="1234">      <name>SEP001B2431F2F6</name>      <lines><line><index>1</index><dirn><pattern>1003</pattern></dirn>     <display>qw</display>      </line></lines>     </axl:updatePhone> null</SOAP-ENV:Body> </SOAP-ENV:Envelope>
16:17:02.948 | server to client : Success
16:17:33.947 | 192.168.15.11        | OP(Prst) : 192.168.15.11        | (P1-dtcjtapi) ProvInServiceEv [#1] Cause:100 CallCtlCause:0 FeatReason:12
16:17:40.224 | 1001                 | OA(Addr) : 1001                 | (P1-dtcjtapi) [1001:] CiscoAddrOutOfServiceEv [#3] Cause:100 CallCtlCause:0 FeatReason:12
16:17:40.233 | 1002                 | OA(Addr) : 1002                 | (P1-dtcjtapi) [1002:] CiscoAddrOutOfServiceEv [#5] Cause:100 CallCtlCause:0 FeatReason:12
16:17:40.242 | 1003                 | OA(Addr) : 1003                 | (P1-dtcjtapi) [1003:] CiscoAddrOutOfServiceEv [#7] Cause:100 CallCtlCause:0 FeatReason:12
16:17:40.257 | 1004                 | OA(Addr) : 1004                 | (P1-dtcjtapi) [1004:] CiscoAddrOutOfServiceEv [#9] Cause:100 CallCtlCause:0 FeatReason:12
16:17:40.262 | SEP001B2431F2F6      | OT(Term) : SEP001B2431F2F6      | (P1-dtcjtapi) [SEP001B2431F2F6] CiscoTermOutOfServiceEv [#10] Cause:100 CallCtlCause:0 FeatReason:12
client 0 : 2|UNBLOCK|1003|1
16:18:12.105 | cucm response : <SOAP-ENV:Envelope SOAP-ENV:encodingStyle="http://schemas.xmlsoap.org/soap/encoding/" xmlns:SOAP-ENV="http://schemas.xmlsoap.org/soap/envelope/"><SOAP-ENV:Header/><SOAP-ENV:Body><SOAP-ENV:Fault><faultcode>SOAP-ENV:Client</faultcode><faultstring>Item not valid: The specified Unknown was not found</faultstring><detail><axl:Error xmlns:axl="http://www.cisco.com/AXL/API/7.0"><axl:code>5007</axl:code><axl:message>Item not valid: The specified Unknown was not found</axl:message><request>updatePhone</request></axl:Error></detail></SOAP-ENV:Fault></SOAP-ENV:Body></SOAP-ENV:Envelope>
16:18:12.158 | server adding xml : <SOAP-ENV:Envelope xmlns:SOAP-ENV="http://schemas.xmlsoap.org/soap/envelope/"      xmlns:xsi="http://www.w3.org/2001/XMLSchema-instance"      xmlns:xsd="http://www.w3.org/2001/XMLSchema"> <SOAP-ENV:Body>    <axl:updatePhone        xmlns:axl="http://www.cisco.com/AXL/API/8.0"         xsi:schemaLocation="http://www.cisco.com/AXL/API/8.0         http://ccmserver/schema/axlsoap.xsd"         sequence="1234">     <name>Unknown</name>     <callingSearchSpaceName>CSS_INTERNAL</callingSearchSpaceName>    </axl:updatePhone>null</SOAP-ENV:Body> </SOAP-ENV:Envelope>
16:18:12.160 | server to client : Fault|Ext not found
16:18:38.838 | 192.168.15.11        | OP(Prst) : 192.168.15.11        | (P1-dtcjtapi) ProvInServiceEv [#0] Cause:100 CallCtlCause:0 FeatReason:12
16:18:45.115 | 1001                 | OA(Addr) : 1001                 | (P1-dtcjtapi) [1001:] CiscoAddrOutOfServiceEv [#2] Cause:100 CallCtlCause:0 FeatReason:12
16:18:45.122 | 1002                 | OA(Addr) : 1002                 | (P1-dtcjtapi) [1002:] CiscoAddrOutOfServiceEv [#4] Cause:100 CallCtlCause:0 FeatReason:12
16:18:45.131 | 1003                 | OA(Addr) : 1003                 | (P1-dtcjtapi) [1003:] CiscoAddrOutOfServiceEv [#6] Cause:100 CallCtlCause:0 FeatReason:12
16:18:45.185 | 1004                 | OA(Addr) : 1004                 | (P1-dtcjtapi) [1004:] CiscoAddrOutOfServiceEv [#8] Cause:100 CallCtlCause:0 FeatReason:12
16:18:45.193 | SEP001B2431F2F6      | OT(Term) : SEP001B2431F2F6      | (P1-dtcjtapi) [SEP001B2431F2F6] CiscoTermOutOfServiceEv [#9] Cause:100 CallCtlCause:0 FeatReason:12
client 0 : 1|CHANGE NAME|1003|qe|||
16:23:37.531 | cucm response : <SOAP-ENV:Envelope SOAP-ENV:encodingStyle="http://schemas.xmlsoap.org/soap/encoding/" xmlns:SOAP-ENV="http://schemas.xmlsoap.org/soap/envelope/"><SOAP-ENV:Header/><SOAP-ENV:Body><axl:updatePhoneResponse sequence="1234" xmlns:axl="http://www.cisco.com/AXL/API/7.0" xmlns:xsi="http://www.w3.org/2001/XMLSchema-instance"><return>{B45E5F8D-C359-4255-6785-63D1EB33EFB7}</return></axl:updatePhoneResponse></SOAP-ENV:Body></SOAP-ENV:Envelope>
16:23:37.581 | server adding xml : <SOAP-ENV:Envelope xmlns:SOAP-ENV="http://schemas.xmlsoap.org/soap/envelope/"      xmlns:xsi="http://www.w3.org/2001/XMLSchema-instance"      xmlns:xsd="http://www.w3.org/2001/XMLSchema"> <SOAP-ENV:Body>     <axl:updatePhone         xmlns:axl="http://www.cisco.com/AXL/API/8.0"          xsi:schemaLocation="http://www.cisco.com/AXL/API/8.0          http://ccmserver/schema/axlsoap.xsd"          sequence="1234">      <name>SEP001B2431F2F6</name>      <lines><line><index>1</index><dirn><pattern>1003</pattern></dirn>     <display>qe</display>      </line></lines>     </axl:updatePhone> null</SOAP-ENV:Body> </SOAP-ENV:Envelope>
16:23:37.582 | server to client : Success
client 0 : 2|UNBLOCK|1002|1
16:26:28.004 | cucm response : <SOAP-ENV:Envelope SOAP-ENV:encodingStyle="http://schemas.xmlsoap.org/soap/encoding/" xmlns:SOAP-ENV="http://schemas.xmlsoap.org/soap/envelope/"><SOAP-ENV:Header/><SOAP-ENV:Body><axl:updatePhoneResponse sequence="1234" xmlns:axl="http://www.cisco.com/AXL/API/7.0" xmlns:xsi="http://www.w3.org/2001/XMLSchema-instance"><return>{D0886754-B33C-02C5-E385-CBB10B0DC0EA}</return></axl:updatePhoneResponse></SOAP-ENV:Body></SOAP-ENV:Envelope>
16:26:28.009 | server adding xml : <SOAP-ENV:Envelope xmlns:SOAP-ENV="http://schemas.xmlsoap.org/soap/envelope/"      xmlns:xsi="http://www.w3.org/2001/XMLSchema-instance"      xmlns:xsd="http://www.w3.org/2001/XMLSchema"> <SOAP-ENV:Body>    <axl:updatePhone        xmlns:axl="http://www.cisco.com/AXL/API/8.0"         xsi:schemaLocation="http://www.cisco.com/AXL/API/8.0         http://ccmserver/schema/axlsoap.xsd"         sequence="1234">     <name>SEP08002701469E</name>     <callingSearchSpaceName>CSS_INTERNAL</callingSearchSpaceName>    </axl:updatePhone>null</SOAP-ENV:Body> </SOAP-ENV:Envelope>
16:26:28.011 | server to client : Success
client 0 : 1|CHANGE NAME|1002|w|||
16:26:29.145 | cucm response : <SOAP-ENV:Envelope SOAP-ENV:encodingStyle="http://schemas.xmlsoap.org/soap/encoding/" xmlns:SOAP-ENV="http://schemas.xmlsoap.org/soap/envelope/"><SOAP-ENV:Header/><SOAP-ENV:Body><axl:updatePhoneResponse sequence="1234" xmlns:axl="http://www.cisco.com/AXL/API/7.0" xmlns:xsi="http://www.w3.org/2001/XMLSchema-instance"><return>{D0886754-B33C-02C5-E385-CBB10B0DC0EA}</return></axl:updatePhoneResponse></SOAP-ENV:Body></SOAP-ENV:Envelope>
16:26:29.150 | server adding xml : <SOAP-ENV:Envelope xmlns:SOAP-ENV="http://schemas.xmlsoap.org/soap/envelope/"      xmlns:xsi="http://www.w3.org/2001/XMLSchema-instance"      xmlns:xsd="http://www.w3.org/2001/XMLSchema"> <SOAP-ENV:Body>     <axl:updatePhone         xmlns:axl="http://www.cisco.com/AXL/API/8.0"          xsi:schemaLocation="http://www.cisco.com/AXL/API/8.0          http://ccmserver/schema/axlsoap.xsd"          sequence="1234">      <name>SEP08002701469E</name>      <lines><line><index>1</index><dirn><pattern>1002</pattern></dirn>     <display>w</display>      </line></lines>     </axl:updatePhone> null</SOAP-ENV:Body> </SOAP-ENV:Envelope>
16:26:29.151 | server to client : Success
client 0 : 2|UNBLOCK|1080|1
16:27:17.251 | cucm response : <SOAP-ENV:Envelope SOAP-ENV:encodingStyle="http://schemas.xmlsoap.org/soap/encoding/" xmlns:SOAP-ENV="http://schemas.xmlsoap.org/soap/envelope/"><SOAP-ENV:Header/><SOAP-ENV:Body><SOAP-ENV:Fault><faultcode>SOAP-ENV:Client</faultcode><faultstring>Item not valid: The specified  was not found</faultstring><detail><axl:Error xmlns:axl="http://www.cisco.com/AXL/API/7.0"><axl:code>5007</axl:code><axl:message>Item not valid: The specified  was not found</axl:message><request>updatePhone</request></axl:Error></detail></SOAP-ENV:Fault></SOAP-ENV:Body></SOAP-ENV:Envelope>
16:27:17.256 | server adding xml : <SOAP-ENV:Envelope xmlns:SOAP-ENV="http://schemas.xmlsoap.org/soap/envelope/"      xmlns:xsi="http://www.w3.org/2001/XMLSchema-instance"      xmlns:xsd="http://www.w3.org/2001/XMLSchema"> <SOAP-ENV:Body>    <axl:updatePhone        xmlns:axl="http://www.cisco.com/AXL/API/8.0"         xsi:schemaLocation="http://www.cisco.com/AXL/API/8.0         http://ccmserver/schema/axlsoap.xsd"         sequence="1234">     <name></name>     <callingSearchSpaceName>CSS_INTERNAL</callingSearchSpaceName>    </axl:updatePhone>null</SOAP-ENV:Body> </SOAP-ENV:Envelope>
16:27:17.258 | server to client : Fault|Ext not found
client 0 : 1|CHANGE NAME|1080|w|||
16:27:23.288 | cucm response : <SOAP-ENV:Envelope SOAP-ENV:encodingStyle="http://schemas.xmlsoap.org/soap/encoding/" xmlns:SOAP-ENV="http://schemas.xmlsoap.org/soap/envelope/"><SOAP-ENV:Header/><SOAP-ENV:Body><SOAP-ENV:Fault><faultcode>SOAP-ENV:Client</faultcode><faultstring>Item not valid: The specified  was not found</faultstring><detail><axl:Error xmlns:axl="http://www.cisco.com/AXL/API/7.0"><axl:code>5007</axl:code><axl:message>Item not valid: The specified  was not found</axl:message><request>updatePhone</request></axl:Error></detail></SOAP-ENV:Fault></SOAP-ENV:Body></SOAP-ENV:Envelope>
16:27:23.293 | server adding xml : <SOAP-ENV:Envelope xmlns:SOAP-ENV="http://schemas.xmlsoap.org/soap/envelope/"      xmlns:xsi="http://www.w3.org/2001/XMLSchema-instance"      xmlns:xsd="http://www.w3.org/2001/XMLSchema"> <SOAP-ENV:Body>     <axl:updatePhone         xmlns:axl="http://www.cisco.com/AXL/API/8.0"          xsi:schemaLocation="http://www.cisco.com/AXL/API/8.0          http://ccmserver/schema/axlsoap.xsd"          sequence="1234">      <name></name>      <lines><line><index>1</index><dirn><pattern>1080</pattern></dirn>     <display>w</display>      </line></lines>     </axl:updatePhone> null</SOAP-ENV:Body> </SOAP-ENV:Envelope>
16:27:23.294 | server to client : Fault|Ext not found
16:28:07.590 | 192.168.15.11        | OP(Prst) : 192.168.15.11        | (P1-dtcjtapi) ProvInServiceEv [#1] Cause:100 CallCtlCause:0 FeatReason:12
16:28:14.885 | 1001                 | OA(Addr) : 1001                 | (P1-dtcjtapi) [1001:] CiscoAddrOutOfServiceEv [#3] Cause:100 CallCtlCause:0 FeatReason:12
16:28:14.902 | 1002                 | OA(Addr) : 1002                 | (P1-dtcjtapi) [1002:] CiscoAddrOutOfServiceEv [#5] Cause:100 CallCtlCause:0 FeatReason:12
16:28:14.917 | 1003                 | OA(Addr) : 1003                 | (P1-dtcjtapi) [1003:] CiscoAddrOutOfServiceEv [#7] Cause:100 CallCtlCause:0 FeatReason:12
16:28:14.937 | 1004                 | OA(Addr) : 1004                 | (P1-dtcjtapi) [1004:] CiscoAddrOutOfServiceEv [#9] Cause:100 CallCtlCause:0 FeatReason:12
16:28:14.947 | SEP001B2431F2F6      | OT(Term) : SEP001B2431F2F6      | (P1-dtcjtapi) [SEP001B2431F2F6] CiscoTermOutOfServiceEv [#10] Cause:100 CallCtlCause:0 FeatReason:12
16:28:27.072 | 192.168.15.11        | OP(Prst) : 192.168.15.11        | (P1-dtcjtapi) ProvInServiceEv [#1] Cause:100 CallCtlCause:0 FeatReason:12
16:28:33.295 | 1001                 | OA(Addr) : 1001                 | (P1-dtcjtapi) [1001:] CiscoAddrOutOfServiceEv [#3] Cause:100 CallCtlCause:0 FeatReason:12
16:28:33.307 | 1002                 | OA(Addr) : 1002                 | (P1-dtcjtapi) [1002:] CiscoAddrOutOfServiceEv [#5] Cause:100 CallCtlCause:0 FeatReason:12
16:28:33.317 | 1003                 | OA(Addr) : 1003                 | (P1-dtcjtapi) [1003:] CiscoAddrOutOfServiceEv [#7] Cause:100 CallCtlCause:0 FeatReason:12
16:28:33.333 | 1004                 | OA(Addr) : 1004                 | (P1-dtcjtapi) [1004:] CiscoAddrOutOfServiceEv [#9] Cause:100 CallCtlCause:0 FeatReason:12
16:28:33.335 | SEP001B2431F2F6      | OT(Term) : SEP001B2431F2F6      | (P1-dtcjtapi) [SEP001B2431F2F6] CiscoTermOutOfServiceEv [#10] Cause:100 CallCtlCause:0 FeatReason:12
client 0 : 2|UNBLOCK|1080|1
16:28:39.119 | cucm response : <SOAP-ENV:Envelope SOAP-ENV:encodingStyle="http://schemas.xmlsoap.org/soap/encoding/" xmlns:SOAP-ENV="http://schemas.xmlsoap.org/soap/envelope/"><SOAP-ENV:Header/><SOAP-ENV:Body><SOAP-ENV:Fault><faultcode>SOAP-ENV:Client</faultcode><faultstring>Item not valid: The specified Unknown was not found</faultstring><detail><axl:Error xmlns:axl="http://www.cisco.com/AXL/API/7.0"><axl:code>5007</axl:code><axl:message>Item not valid: The specified Unknown was not found</axl:message><request>updatePhone</request></axl:Error></detail></SOAP-ENV:Fault></SOAP-ENV:Body></SOAP-ENV:Envelope>
16:28:39.167 | server adding xml : <SOAP-ENV:Envelope xmlns:SOAP-ENV="http://schemas.xmlsoap.org/soap/envelope/"      xmlns:xsi="http://www.w3.org/2001/XMLSchema-instance"      xmlns:xsd="http://www.w3.org/2001/XMLSchema"> <SOAP-ENV:Body>    <axl:updatePhone        xmlns:axl="http://www.cisco.com/AXL/API/8.0"         xsi:schemaLocation="http://www.cisco.com/AXL/API/8.0         http://ccmserver/schema/axlsoap.xsd"         sequence="1234">     <name>Unknown</name>     <callingSearchSpaceName>CSS_INTERNAL</callingSearchSpaceName>    </axl:updatePhone>null</SOAP-ENV:Body> </SOAP-ENV:Envelope>
16:28:39.168 | server to client : Fault|Ext not found
client 0 : 1|CHANGE NAME|1080|w|||
16:28:44.570 | cucm response : <SOAP-ENV:Envelope SOAP-ENV:encodingStyle="http://schemas.xmlsoap.org/soap/encoding/" xmlns:SOAP-ENV="http://schemas.xmlsoap.org/soap/envelope/"><SOAP-ENV:Header/><SOAP-ENV:Body><SOAP-ENV:Fault><faultcode>SOAP-ENV:Client</faultcode><faultstring>Item not valid: The specified Unknown was not found</faultstring><detail><axl:Error xmlns:axl="http://www.cisco.com/AXL/API/7.0"><axl:code>5007</axl:code><axl:message>Item not valid: The specified Unknown was not found</axl:message><request>updatePhone</request></axl:Error></detail></SOAP-ENV:Fault></SOAP-ENV:Body></SOAP-ENV:Envelope>
16:28:44.575 | server adding xml : <SOAP-ENV:Envelope xmlns:SOAP-ENV="http://schemas.xmlsoap.org/soap/envelope/"      xmlns:xsi="http://www.w3.org/2001/XMLSchema-instance"      xmlns:xsd="http://www.w3.org/2001/XMLSchema"> <SOAP-ENV:Body>     <axl:updatePhone         xmlns:axl="http://www.cisco.com/AXL/API/8.0"          xsi:schemaLocation="http://www.cisco.com/AXL/API/8.0          http://ccmserver/schema/axlsoap.xsd"          sequence="1234">      <name>Unknown</name>      <lines><line><index>1</index><dirn><pattern>1080</pattern></dirn>     <display>w</display>      </line></lines>     </axl:updatePhone> null</SOAP-ENV:Body> </SOAP-ENV:Envelope>
16:28:44.577 | server to client : Fault|Ext not found
client 0 : 2|UNBLOCK|1003|1
16:28:49.350 | cucm response : <SOAP-ENV:Envelope SOAP-ENV:encodingStyle="http://schemas.xmlsoap.org/soap/encoding/" xmlns:SOAP-ENV="http://schemas.xmlsoap.org/soap/envelope/"><SOAP-ENV:Header/><SOAP-ENV:Body><axl:updatePhoneResponse sequence="1234" xmlns:axl="http://www.cisco.com/AXL/API/7.0" xmlns:xsi="http://www.w3.org/2001/XMLSchema-instance"><return>{B45E5F8D-C359-4255-6785-63D1EB33EFB7}</return></axl:updatePhoneResponse></SOAP-ENV:Body></SOAP-ENV:Envelope>
16:28:49.355 | server adding xml : <SOAP-ENV:Envelope xmlns:SOAP-ENV="http://schemas.xmlsoap.org/soap/envelope/"      xmlns:xsi="http://www.w3.org/2001/XMLSchema-instance"      xmlns:xsd="http://www.w3.org/2001/XMLSchema"> <SOAP-ENV:Body>    <axl:updatePhone        xmlns:axl="http://www.cisco.com/AXL/API/8.0"         xsi:schemaLocation="http://www.cisco.com/AXL/API/8.0         http://ccmserver/schema/axlsoap.xsd"         sequence="1234">     <name>SEP001B2431F2F6</name>     <callingSearchSpaceName>CSS_INTERNAL</callingSearchSpaceName>    </axl:updatePhone>null</SOAP-ENV:Body> </SOAP-ENV:Envelope>
16:28:49.356 | server to client : Success
client 0 : 1|CHANGE NAME|1003|w|||
16:28:57.136 | cucm response : <SOAP-ENV:Envelope SOAP-ENV:encodingStyle="http://schemas.xmlsoap.org/soap/encoding/" xmlns:SOAP-ENV="http://schemas.xmlsoap.org/soap/envelope/"><SOAP-ENV:Header/><SOAP-ENV:Body><axl:updatePhoneResponse sequence="1234" xmlns:axl="http://www.cisco.com/AXL/API/7.0" xmlns:xsi="http://www.w3.org/2001/XMLSchema-instance"><return>{B45E5F8D-C359-4255-6785-63D1EB33EFB7}</return></axl:updatePhoneResponse></SOAP-ENV:Body></SOAP-ENV:Envelope>
16:28:57.141 | server adding xml : <SOAP-ENV:Envelope xmlns:SOAP-ENV="http://schemas.xmlsoap.org/soap/envelope/"      xmlns:xsi="http://www.w3.org/2001/XMLSchema-instance"      xmlns:xsd="http://www.w3.org/2001/XMLSchema"> <SOAP-ENV:Body>     <axl:updatePhone         xmlns:axl="http://www.cisco.com/AXL/API/8.0"          xsi:schemaLocation="http://www.cisco.com/AXL/API/8.0          http://ccmserver/schema/axlsoap.xsd"          sequence="1234">      <name>SEP001B2431F2F6</name>      <lines><line><index>1</index><dirn><pattern>1003</pattern></dirn>     <display>w</display>      </line></lines>     </axl:updatePhone> null</SOAP-ENV:Body> </SOAP-ENV:Envelope>
16:28:57.142 | server to client : Success
client 0 : 2|UNBLOCK|1002|1
16:29:01.941 | cucm response : <SOAP-ENV:Envelope SOAP-ENV:encodingStyle="http://schemas.xmlsoap.org/soap/encoding/" xmlns:SOAP-ENV="http://schemas.xmlsoap.org/soap/envelope/"><SOAP-ENV:Header/><SOAP-ENV:Body><axl:updatePhoneResponse sequence="1234" xmlns:axl="http://www.cisco.com/AXL/API/7.0" xmlns:xsi="http://www.w3.org/2001/XMLSchema-instance"><return>{D0886754-B33C-02C5-E385-CBB10B0DC0EA}</return></axl:updatePhoneResponse></SOAP-ENV:Body></SOAP-ENV:Envelope>
16:29:01.946 | server adding xml : <SOAP-ENV:Envelope xmlns:SOAP-ENV="http://schemas.xmlsoap.org/soap/envelope/"      xmlns:xsi="http://www.w3.org/2001/XMLSchema-instance"      xmlns:xsd="http://www.w3.org/2001/XMLSchema"> <SOAP-ENV:Body>    <axl:updatePhone        xmlns:axl="http://www.cisco.com/AXL/API/8.0"         xsi:schemaLocation="http://www.cisco.com/AXL/API/8.0         http://ccmserver/schema/axlsoap.xsd"         sequence="1234">     <name>SEP08002701469E</name>     <callingSearchSpaceName>CSS_INTERNAL</callingSearchSpaceName>    </axl:updatePhone>null</SOAP-ENV:Body> </SOAP-ENV:Envelope>
16:29:01.947 | server to client : Success
client 0 : 1|CHANGE NAME|1002|w|||
16:29:02.931 | cucm response : <SOAP-ENV:Envelope SOAP-ENV:encodingStyle="http://schemas.xmlsoap.org/soap/encoding/" xmlns:SOAP-ENV="http://schemas.xmlsoap.org/soap/envelope/"><SOAP-ENV:Header/><SOAP-ENV:Body><axl:updatePhoneResponse sequence="1234" xmlns:axl="http://www.cisco.com/AXL/API/7.0" xmlns:xsi="http://www.w3.org/2001/XMLSchema-instance"><return>{D0886754-B33C-02C5-E385-CBB10B0DC0EA}</return></axl:updatePhoneResponse></SOAP-ENV:Body></SOAP-ENV:Envelope>
16:29:02.936 | server adding xml : <SOAP-ENV:Envelope xmlns:SOAP-ENV="http://schemas.xmlsoap.org/soap/envelope/"      xmlns:xsi="http://www.w3.org/2001/XMLSchema-instance"      xmlns:xsd="http://www.w3.org/2001/XMLSchema"> <SOAP-ENV:Body>     <axl:updatePhone         xmlns:axl="http://www.cisco.com/AXL/API/8.0"          xsi:schemaLocation="http://www.cisco.com/AXL/API/8.0          http://ccmserver/schema/axlsoap.xsd"          sequence="1234">      <name>SEP08002701469E</name>      <lines><line><index>1</index><dirn><pattern>1002</pattern></dirn>     <display>w</display>      </line></lines>     </axl:updatePhone> null</SOAP-ENV:Body> </SOAP-ENV:Envelope>
16:29:02.937 | server to client : Success
client 0 : 2|UNBLOCK|1002|1
16:29:27.986 | cucm response : <SOAP-ENV:Envelope SOAP-ENV:encodingStyle="http://schemas.xmlsoap.org/soap/encoding/" xmlns:SOAP-ENV="http://schemas.xmlsoap.org/soap/envelope/"><SOAP-ENV:Header/><SOAP-ENV:Body><axl:updatePhoneResponse sequence="1234" xmlns:axl="http://www.cisco.com/AXL/API/7.0" xmlns:xsi="http://www.w3.org/2001/XMLSchema-instance"><return>{D0886754-B33C-02C5-E385-CBB10B0DC0EA}</return></axl:updatePhoneResponse></SOAP-ENV:Body></SOAP-ENV:Envelope>
16:29:27.990 | server adding xml : <SOAP-ENV:Envelope xmlns:SOAP-ENV="http://schemas.xmlsoap.org/soap/envelope/"      xmlns:xsi="http://www.w3.org/2001/XMLSchema-instance"      xmlns:xsd="http://www.w3.org/2001/XMLSchema"> <SOAP-ENV:Body>    <axl:updatePhone        xmlns:axl="http://www.cisco.com/AXL/API/8.0"         xsi:schemaLocation="http://www.cisco.com/AXL/API/8.0         http://ccmserver/schema/axlsoap.xsd"         sequence="1234">     <name>SEP08002701469E</name>     <callingSearchSpaceName>CSS_INTERNAL</callingSearchSpaceName>    </axl:updatePhone>null</SOAP-ENV:Body> </SOAP-ENV:Envelope>
16:29:27.990 | server to client : Success
client 0 : 1|CHANGE NAME|1002|w|||
16:29:29.825 | cucm response : <SOAP-ENV:Envelope SOAP-ENV:encodingStyle="http://schemas.xmlsoap.org/soap/encoding/" xmlns:SOAP-ENV="http://schemas.xmlsoap.org/soap/envelope/"><SOAP-ENV:Header/><SOAP-ENV:Body><axl:updatePhoneResponse sequence="1234" xmlns:axl="http://www.cisco.com/AXL/API/7.0" xmlns:xsi="http://www.w3.org/2001/XMLSchema-instance"><return>{D0886754-B33C-02C5-E385-CBB10B0DC0EA}</return></axl:updatePhoneResponse></SOAP-ENV:Body></SOAP-ENV:Envelope>
16:29:29.830 | server adding xml : <SOAP-ENV:Envelope xmlns:SOAP-ENV="http://schemas.xmlsoap.org/soap/envelope/"      xmlns:xsi="http://www.w3.org/2001/XMLSchema-instance"      xmlns:xsd="http://www.w3.org/2001/XMLSchema"> <SOAP-ENV:Body>     <axl:updatePhone         xmlns:axl="http://www.cisco.com/AXL/API/8.0"          xsi:schemaLocation="http://www.cisco.com/AXL/API/8.0          http://ccmserver/schema/axlsoap.xsd"          sequence="1234">      <name>SEP08002701469E</name>      <lines><line><index>1</index><dirn><pattern>1002</pattern></dirn>     <display>w</display>      </line></lines>     </axl:updatePhone> null</SOAP-ENV:Body> </SOAP-ENV:Envelope>
16:29:29.832 | server to client : Success
client 0 : 2|UNBLOCK|1080|1
16:29:38.945 | cucm response : <SOAP-ENV:Envelope SOAP-ENV:encodingStyle="http://schemas.xmlsoap.org/soap/encoding/" xmlns:SOAP-ENV="http://schemas.xmlsoap.org/soap/envelope/"><SOAP-ENV:Header/><SOAP-ENV:Body><SOAP-ENV:Fault><faultcode>SOAP-ENV:Client</faultcode><faultstring>Item not valid: The specified Unknown was not found</faultstring><detail><axl:Error xmlns:axl="http://www.cisco.com/AXL/API/7.0"><axl:code>5007</axl:code><axl:message>Item not valid: The specified Unknown was not found</axl:message><request>updatePhone</request></axl:Error></detail></SOAP-ENV:Fault></SOAP-ENV:Body></SOAP-ENV:Envelope>
16:29:38.950 | server adding xml : <SOAP-ENV:Envelope xmlns:SOAP-ENV="http://schemas.xmlsoap.org/soap/envelope/"      xmlns:xsi="http://www.w3.org/2001/XMLSchema-instance"      xmlns:xsd="http://www.w3.org/2001/XMLSchema"> <SOAP-ENV:Body>    <axl:updatePhone        xmlns:axl="http://www.cisco.com/AXL/API/8.0"         xsi:schemaLocation="http://www.cisco.com/AXL/API/8.0         http://ccmserver/schema/axlsoap.xsd"         sequence="1234">     <name>Unknown</name>     <callingSearchSpaceName>CSS_INTERNAL</callingSearchSpaceName>    </axl:updatePhone>null</SOAP-ENV:Body> </SOAP-ENV:Envelope>
16:29:38.951 | server to client : Fault|Ext not found
client 0 : 1|CHANGE NAME|1080|w|||
16:29:44.938 | cucm response : <SOAP-ENV:Envelope SOAP-ENV:encodingStyle="http://schemas.xmlsoap.org/soap/encoding/" xmlns:SOAP-ENV="http://schemas.xmlsoap.org/soap/envelope/"><SOAP-ENV:Header/><SOAP-ENV:Body><SOAP-ENV:Fault><faultcode>SOAP-ENV:Client</faultcode><faultstring>Item not valid: The specified Unknown was not found</faultstring><detail><axl:Error xmlns:axl="http://www.cisco.com/AXL/API/7.0"><axl:code>5007</axl:code><axl:message>Item not valid: The specified Unknown was not found</axl:message><request>updatePhone</request></axl:Error></detail></SOAP-ENV:Fault></SOAP-ENV:Body></SOAP-ENV:Envelope>
16:29:44.944 | server adding xml : <SOAP-ENV:Envelope xmlns:SOAP-ENV="http://schemas.xmlsoap.org/soap/envelope/"      xmlns:xsi="http://www.w3.org/2001/XMLSchema-instance"      xmlns:xsd="http://www.w3.org/2001/XMLSchema"> <SOAP-ENV:Body>     <axl:updatePhone         xmlns:axl="http://www.cisco.com/AXL/API/8.0"          xsi:schemaLocation="http://www.cisco.com/AXL/API/8.0          http://ccmserver/schema/axlsoap.xsd"          sequence="1234">      <name>Unknown</name>      <lines><line><index>1</index><dirn><pattern>1080</pattern></dirn>     <display>w</display>      </line></lines>     </axl:updatePhone> null</SOAP-ENV:Body> </SOAP-ENV:Envelope>
16:29:44.945 | server to client : Fault|Ext not found
client 0 : 2|UNBLOCK|1004|1
16:29:59.464 | cucm response : <SOAP-ENV:Envelope SOAP-ENV:encodingStyle="http://schemas.xmlsoap.org/soap/encoding/" xmlns:SOAP-ENV="http://schemas.xmlsoap.org/soap/envelope/"><SOAP-ENV:Header/><SOAP-ENV:Body><axl:updatePhoneResponse sequence="1234" xmlns:axl="http://www.cisco.com/AXL/API/7.0" xmlns:xsi="http://www.w3.org/2001/XMLSchema-instance"><return>{1FE9D8C1-403E-6D52-38B3-4BA36CB4C616}</return></axl:updatePhoneResponse></SOAP-ENV:Body></SOAP-ENV:Envelope>
16:29:59.469 | server adding xml : <SOAP-ENV:Envelope xmlns:SOAP-ENV="http://schemas.xmlsoap.org/soap/envelope/"      xmlns:xsi="http://www.w3.org/2001/XMLSchema-instance"      xmlns:xsd="http://www.w3.org/2001/XMLSchema"> <SOAP-ENV:Body>    <axl:updatePhone        xmlns:axl="http://www.cisco.com/AXL/API/8.0"         xsi:schemaLocation="http://www.cisco.com/AXL/API/8.0         http://ccmserver/schema/axlsoap.xsd"         sequence="1234">     <name>SEP00E04C55F91C</name>     <callingSearchSpaceName>CSS_INTERNAL</callingSearchSpaceName>    </axl:updatePhone>null</SOAP-ENV:Body> </SOAP-ENV:Envelope>
16:29:59.470 | server to client : Success
client 0 : 1|CHANGE NAME|1004|w|||
16:30:05.582 | cucm response : <SOAP-ENV:Envelope SOAP-ENV:encodingStyle="http://schemas.xmlsoap.org/soap/encoding/" xmlns:SOAP-ENV="http://schemas.xmlsoap.org/soap/envelope/"><SOAP-ENV:Header/><SOAP-ENV:Body><axl:updatePhoneResponse sequence="1234" xmlns:axl="http://www.cisco.com/AXL/API/7.0" xmlns:xsi="http://www.w3.org/2001/XMLSchema-instance"><return>{1FE9D8C1-403E-6D52-38B3-4BA36CB4C616}</return></axl:updatePhoneResponse></SOAP-ENV:Body></SOAP-ENV:Envelope>
16:30:05.587 | server adding xml : <SOAP-ENV:Envelope xmlns:SOAP-ENV="http://schemas.xmlsoap.org/soap/envelope/"      xmlns:xsi="http://www.w3.org/2001/XMLSchema-instance"      xmlns:xsd="http://www.w3.org/2001/XMLSchema"> <SOAP-ENV:Body>     <axl:updatePhone         xmlns:axl="http://www.cisco.com/AXL/API/8.0"          xsi:schemaLocation="http://www.cisco.com/AXL/API/8.0          http://ccmserver/schema/axlsoap.xsd"          sequence="1234">      <name>SEP00E04C55F91C</name>      <lines><line><index>1</index><dirn><pattern>1004</pattern></dirn>     <display>w</display>      </line></lines>     </axl:updatePhone> null</SOAP-ENV:Body> </SOAP-ENV:Envelope>
16:30:05.588 | server to client : Success
client 0 : 2|UNBLOCK|9090|1
16:30:30.819 | cucm response : <SOAP-ENV:Envelope SOAP-ENV:encodingStyle="http://schemas.xmlsoap.org/soap/encoding/" xmlns:SOAP-ENV="http://schemas.xmlsoap.org/soap/envelope/"><SOAP-ENV:Header/><SOAP-ENV:Body><SOAP-ENV:Fault><faultcode>SOAP-ENV:Client</faultcode><faultstring>Item not valid: The specified Unknown was not found</faultstring><detail><axl:Error xmlns:axl="http://www.cisco.com/AXL/API/7.0"><axl:code>5007</axl:code><axl:message>Item not valid: The specified Unknown was not found</axl:message><request>updatePhone</request></axl:Error></detail></SOAP-ENV:Fault></SOAP-ENV:Body></SOAP-ENV:Envelope>
16:30:30.823 | server adding xml : <SOAP-ENV:Envelope xmlns:SOAP-ENV="http://schemas.xmlsoap.org/soap/envelope/"      xmlns:xsi="http://www.w3.org/2001/XMLSchema-instance"      xmlns:xsd="http://www.w3.org/2001/XMLSchema"> <SOAP-ENV:Body>    <axl:updatePhone        xmlns:axl="http://www.cisco.com/AXL/API/8.0"         xsi:schemaLocation="http://www.cisco.com/AXL/API/8.0         http://ccmserver/schema/axlsoap.xsd"         sequence="1234">     <name>Unknown</name>     <callingSearchSpaceName>CSS_INTERNAL</callingSearchSpaceName>    </axl:updatePhone>null</SOAP-ENV:Body> </SOAP-ENV:Envelope>
16:30:30.825 | server to client : Fault|Ext not found
client 0 : 1|CHANGE NAME|9090|w|||
16:30:32.455 | cucm response : <SOAP-ENV:Envelope SOAP-ENV:encodingStyle="http://schemas.xmlsoap.org/soap/encoding/" xmlns:SOAP-ENV="http://schemas.xmlsoap.org/soap/envelope/"><SOAP-ENV:Header/><SOAP-ENV:Body><SOAP-ENV:Fault><faultcode>SOAP-ENV:Client</faultcode><faultstring>Item not valid: The specified Unknown was not found</faultstring><detail><axl:Error xmlns:axl="http://www.cisco.com/AXL/API/7.0"><axl:code>5007</axl:code><axl:message>Item not valid: The specified Unknown was not found</axl:message><request>updatePhone</request></axl:Error></detail></SOAP-ENV:Fault></SOAP-ENV:Body></SOAP-ENV:Envelope>
16:30:32.460 | server adding xml : <SOAP-ENV:Envelope xmlns:SOAP-ENV="http://schemas.xmlsoap.org/soap/envelope/"      xmlns:xsi="http://www.w3.org/2001/XMLSchema-instance"      xmlns:xsd="http://www.w3.org/2001/XMLSchema"> <SOAP-ENV:Body>     <axl:updatePhone         xmlns:axl="http://www.cisco.com/AXL/API/8.0"          xsi:schemaLocation="http://www.cisco.com/AXL/API/8.0          http://ccmserver/schema/axlsoap.xsd"          sequence="1234">      <name>Unknown</name>      <lines><line><index>1</index><dirn><pattern>9090</pattern></dirn>     <display>w</display>      </line></lines>     </axl:updatePhone> null</SOAP-ENV:Body> </SOAP-ENV:Envelope>
16:30:32.461 | server to client : Fault|Ext not found
client 0 : 3|DND ON|9090|1|0
16:30:40.844 | cucm response : <SOAP-ENV:Envelope SOAP-ENV:encodingStyle="http://schemas.xmlsoap.org/soap/encoding/" xmlns:SOAP-ENV="http://schemas.xmlsoap.org/soap/envelope/"><SOAP-ENV:Header/><SOAP-ENV:Body><SOAP-ENV:Fault><faultcode>SOAP-ENV:Client</faultcode><faultstring>Item not valid: The specified Unknown was not found</faultstring><detail><axl:Error xmlns:axl="http://www.cisco.com/AXL/API/7.0"><axl:code>5007</axl:code><axl:message>Item not valid: The specified Unknown was not found</axl:message><request>updatePhone</request></axl:Error></detail></SOAP-ENV:Fault></SOAP-ENV:Body></SOAP-ENV:Envelope>
16:30:40.850 | server adding xml : <SOAP-ENV:Envelope xmlns:SOAP-ENV="http://schemas.xmlsoap.org/soap/envelope/"      xmlns:xsi="http://www.w3.org/2001/XMLSchema-instance"      xmlns:xsd="http://www.w3.org/2001/XMLSchema"> <SOAP-ENV:Body>    <axl:updatePhone        xmlns:axl="http://www.cisco.com/AXL/API/8.0"         xsi:schemaLocation="http://www.cisco.com/AXL/API/8.0         http://ccmserver/schema/axlsoap.xsd"         sequence="1234">     <name>Unknown</name>     <dndStatus>true</dndStatus>    <dndOption>Ringer Off</dndOption>    </axl:updatePhone> null</SOAP-ENV:Body> </SOAP-ENV:Envelope>
16:30:40.851 | server to client : Fault|Ext not found
client 0 : 3|DND ON|1004|1|0
16:30:53.159 | cucm response : <SOAP-ENV:Envelope SOAP-ENV:encodingStyle="http://schemas.xmlsoap.org/soap/encoding/" xmlns:SOAP-ENV="http://schemas.xmlsoap.org/soap/envelope/"><SOAP-ENV:Header/><SOAP-ENV:Body><axl:updatePhoneResponse sequence="1234" xmlns:axl="http://www.cisco.com/AXL/API/7.0" xmlns:xsi="http://www.w3.org/2001/XMLSchema-instance"><return>{1FE9D8C1-403E-6D52-38B3-4BA36CB4C616}</return></axl:updatePhoneResponse></SOAP-ENV:Body></SOAP-ENV:Envelope>
16:30:53.165 | server adding xml : <SOAP-ENV:Envelope xmlns:SOAP-ENV="http://schemas.xmlsoap.org/soap/envelope/"      xmlns:xsi="http://www.w3.org/2001/XMLSchema-instance"      xmlns:xsd="http://www.w3.org/2001/XMLSchema"> <SOAP-ENV:Body>    <axl:updatePhone        xmlns:axl="http://www.cisco.com/AXL/API/8.0"         xsi:schemaLocation="http://www.cisco.com/AXL/API/8.0         http://ccmserver/schema/axlsoap.xsd"         sequence="1234">     <name>SEP00E04C55F91C</name>     <dndStatus>true</dndStatus>    <dndOption>Ringer Off</dndOption>    </axl:updatePhone> null</SOAP-ENV:Body> </SOAP-ENV:Envelope>
16:30:53.167 | server to client : Success
client 0 : 2|CSS ON|1004|1
16:31:41.123 | cucm response : <SOAP-ENV:Envelope SOAP-ENV:encodingStyle="http://schemas.xmlsoap.org/soap/encoding/" xmlns:SOAP-ENV="http://schemas.xmlsoap.org/soap/envelope/"><SOAP-ENV:Header/><SOAP-ENV:Body><axl:updatePhoneResponse sequence="1234" xmlns:axl="http://www.cisco.com/AXL/API/7.0" xmlns:xsi="http://www.w3.org/2001/XMLSchema-instance"><return>{1FE9D8C1-403E-6D52-38B3-4BA36CB4C616}</return></axl:updatePhoneResponse></SOAP-ENV:Body></SOAP-ENV:Envelope>
16:31:41.128 | server adding xml : <SOAP-ENV:Envelope xmlns:SOAP-ENV="http://schemas.xmlsoap.org/soap/envelope/"      xmlns:xsi="http://www.w3.org/2001/XMLSchema-instance"      xmlns:xsd="http://www.w3.org/2001/XMLSchema"> <SOAP-ENV:Body>    <axl:updatePhone        xmlns:axl="http://www.cisco.com/AXL/API/8.0"         xsi:schemaLocation="http://www.cisco.com/AXL/API/8.0         http://ccmserver/schema/axlsoap.xsd"         sequence="1234">     <name>SEP00E04C55F91C</name>     <callingSearchSpaceName>CSS_INTERNAL</callingSearchSpaceName>    </axl:updatePhone>null</SOAP-ENV:Body> </SOAP-ENV:Envelope>
16:31:41.129 | server to client : Success
client 0 : 2|CSS ON|8989|1
16:31:53.275 | cucm response : <SOAP-ENV:Envelope SOAP-ENV:encodingStyle="http://schemas.xmlsoap.org/soap/encoding/" xmlns:SOAP-ENV="http://schemas.xmlsoap.org/soap/envelope/"><SOAP-ENV:Header/><SOAP-ENV:Body><SOAP-ENV:Fault><faultcode>SOAP-ENV:Client</faultcode><faultstring>Item not valid: The specified Unknown was not found</faultstring><detail><axl:Error xmlns:axl="http://www.cisco.com/AXL/API/7.0"><axl:code>5007</axl:code><axl:message>Item not valid: The specified Unknown was not found</axl:message><request>updatePhone</request></axl:Error></detail></SOAP-ENV:Fault></SOAP-ENV:Body></SOAP-ENV:Envelope>
16:31:53.280 | server adding xml : <SOAP-ENV:Envelope xmlns:SOAP-ENV="http://schemas.xmlsoap.org/soap/envelope/"      xmlns:xsi="http://www.w3.org/2001/XMLSchema-instance"      xmlns:xsd="http://www.w3.org/2001/XMLSchema"> <SOAP-ENV:Body>    <axl:updatePhone        xmlns:axl="http://www.cisco.com/AXL/API/8.0"         xsi:schemaLocation="http://www.cisco.com/AXL/API/8.0         http://ccmserver/schema/axlsoap.xsd"         sequence="1234">     <name>Unknown</name>     <callingSearchSpaceName>CSS_INTERNAL</callingSearchSpaceName>    </axl:updatePhone>null</SOAP-ENV:Body> </SOAP-ENV:Envelope>
16:31:53.281 | server to client : Fault|Ext not found
17:41:49.940 | 192.168.15.11        | OP(Prst) : 192.168.15.11        | (P1-dtcjtapi) ProvInServiceEv [#1] Cause:100 CallCtlCause:0 FeatReason:12
17:41:56.199 | 1001                 | OA(Addr) : 1001                 | (P1-dtcjtapi) [1001:] CiscoAddrOutOfServiceEv [#3] Cause:100 CallCtlCause:0 FeatReason:12
17:41:56.208 | 1002                 | OA(Addr) : 1002                 | (P1-dtcjtapi) [1002:] CiscoAddrOutOfServiceEv [#5] Cause:100 CallCtlCause:0 FeatReason:12
17:41:56.216 | 1003                 | OA(Addr) : 1003                 | (P1-dtcjtapi) [1003:] CiscoAddrOutOfServiceEv [#7] Cause:100 CallCtlCause:0 FeatReason:12
17:41:56.232 | 1004                 | OA(Addr) : 1004                 | (P1-dtcjtapi) [1004:] CiscoAddrOutOfServiceEv [#9] Cause:100 CallCtlCause:0 FeatReason:12
17:41:56.237 | SEP001B2431F2F6      | OT(Term) : SEP001B2431F2F6      | (P1-dtcjtapi) [SEP001B2431F2F6] CiscoTermOutOfServiceEv [#10] Cause:100 CallCtlCause:0 FeatReason:12
client 0 : 11|asd|Terminal|1003
